This is XeTeX, Version 3.1415926-2.4-0.9998 (TeX Live 2012/Debian) (format=xelatex 2014.5.30)  1 DEC 2014 16:49
entering extended mode
 restricted \write18 enabled.
 %&-line parsing enabled.
**steepness_empirical.tex
(./steepness_empirical.tex
LaTeX2e <2011/06/27>
Babel <v3.8m> and hyphenation patterns for english, dumylang, nohyphenation, et
hiopic, farsi, arabic, pinyin, croatian, bulgarian, ukrainian, russian, slovak,
 czech, danish, dutch, usenglishmax, ukenglish, finnish, french, basque, ngerma
n, german, swissgerman, ngerman-x-2012-05-30, german-x-2012-05-30, monogreek, g
reek, ibycus, ancientgreek, hungarian, bengali, tamil, hindi, telugu, gujarati,
 sanskrit, malayalam, kannada, assamese, marathi, oriya, panjabi, italian, lati
n, latvian, lithuanian, mongolian, mongolianlmc, nynorsk, bokmal, indonesian, e
speranto, coptic, welsh, irish, interlingua, serbian, serbianc, slovenian, friu
lan, romansh, estonian, romanian, armenian, uppersorbian, turkish, afrikaans, i
celandic, kurmanji, polish, portuguese, galician, catalan, spanish, swedish, lo
aded.
(/usr/share/texlive/texmf-dist/tex/latex/dragonfly/dragonfly-report.cls
Document Class: dragonfly-report 2014/03/20 v0.1 Report format for Dragonfly Sc
ience
(/usr/share/texlive/texmf-dist/tex/latex/base/article.cls
Document Class: article 2007/10/19 v1.4h Standard LaTeX document class
(/usr/share/texlive/texmf-dist/tex/latex/base/size11.clo
File: size11.clo 2007/10/19 v1.4h Standard LaTeX file (size option)
)
\c@part=\count80
\c@section=\count81
\c@subsection=\count82
\c@subsubsection=\count83
\c@paragraph=\count84
\c@subparagraph=\count85
\c@figure=\count86
\c@table=\count87
\abovecaptionskip=\skip41
\belowcaptionskip=\skip42
\bibindent=\dimen102
)
(/usr/share/texlive/texmf-dist/tex/latex/dragonfly/dragonfly.sty
Package: dragonfly 2014/03/23 v0.1 Common formatting requirements for Dragonfly
 Science

(/usr/share/texlive/texmf-dist/tex/latex/fontspec/fontspec.sty
Package: fontspec 2012/05/06 v2.2b Advanced font selection for XeLaTeX/LuaLaTeX


(/usr/share/texlive/texmf-dist/tex/latex/l3kernel/expl3.sty
(/usr/share/texlive/texmf-dist/tex/latex/l3kernel/l3names.sty
(/usr/share/texlive/texmf-dist/tex/latex/l3kernel/l3bootstrap.sty
Package: l3bootstrap 2011/12/29 v3110 L3 Experimental bootstrap code
)
Package: l3names 2012/03/04 v3494 L3 Experimental namespace for primitives
)
(/usr/share/texlive/texmf-dist/tex/latex/etex-pkg/etex.sty
Package: etex 1998/03/26 v2.0 eTeX basic definition package (PEB)
\et@xins=\count88
)
Package: expl3 2012/04/23 v3570 L3 Experimental code bundle wrapper

(/usr/share/texlive/texmf-dist/tex/latex/graphics/color.sty
Package: color 2005/11/14 v1.0j Standard LaTeX Color (DPC)

(/usr/share/texlive/texmf-dist/tex/latex/latexconfig/color.cfg
File: color.cfg 2007/01/18 v1.5 color configuration of teTeX/TeXLive
)
Package color Info: Driver file: xetex.def on input line 130.

(/usr/share/texlive/texmf-dist/tex/xelatex/xetex-def/xetex.def
File: xetex.def 2009/11/22 v0.94 LaTeX color/graphics driver for XeTeX (RRM/JK)

))
(/usr/share/texlive/texmf-dist/tex/latex/graphics/graphics.sty
Package: graphics 2009/02/05 v1.0o Standard LaTeX Graphics (DPC,SPQR)

(/usr/share/texlive/texmf-dist/tex/latex/graphics/trig.sty
Package: trig 1999/03/16 v1.09 sin cos tan (DPC)
)
(/usr/share/texlive/texmf-dist/tex/latex/latexconfig/graphics.cfg
File: graphics.cfg 2010/04/23 v1.9 graphics configuration of TeX Live
)
Package graphics Info: Driver file: xetex.def on input line 91.
)
(/usr/share/texlive/texmf-dist/tex/latex/l3kernel/l3basics.sty
Package: l3basics 2012/03/04 v3491 L3 Experimental basic definitions
)
(/usr/share/texlive/texmf-dist/tex/latex/l3kernel/l3expan.sty
Package: l3expan 2012/02/26 v3460 L3 Experimental argument expansion
)
(/usr/share/texlive/texmf-dist/tex/latex/l3kernel/l3tl.sty
Package: l3tl 2012/03/04 v3490 L3 Experimental token lists
)
(/usr/share/texlive/texmf-dist/tex/latex/l3kernel/l3seq.sty
Package: l3seq 2012/03/04 v3490 L3 Experimental sequences and stacks
)
(/usr/share/texlive/texmf-dist/tex/latex/l3kernel/l3int.sty
Package: l3int 2012/03/04 v3490 L3 Experimental integers
\c_max_int=\count89
\l_tmpa_int=\count90
\l_tmpb_int=\count91
\l_tmpc_int=\count92
\g_tmpa_int=\count93
\g_tmpb_int=\count94
)
(/usr/share/texlive/texmf-dist/tex/latex/l3kernel/l3quark.sty
Package: l3quark 2012/02/12 v3384 L3 Experimental quarks
)
(/usr/share/texlive/texmf-dist/tex/latex/l3kernel/l3prg.sty
Package: l3prg 2012/03/04 v3490 L3 Experimental control structures
\g_prg_map_int=\count95
)
(/usr/share/texlive/texmf-dist/tex/latex/l3kernel/l3clist.sty
Package: l3clist 2012/03/04 v3490 L3 Experimental comma separated lists
)
(/usr/share/texlive/texmf-dist/tex/latex/l3kernel/l3token.sty
Package: l3token 2012/03/04 v3491 L3 Experimental token manipulation
)
(/usr/share/texlive/texmf-dist/tex/latex/l3kernel/l3prop.sty
Package: l3prop 2012/03/04 v3490 L3 Experimental property lists
)
(/usr/share/texlive/texmf-dist/tex/latex/l3kernel/l3msg.sty
Package: l3msg 2012/04/23 v3568 L3 Experimental messages
)
(/usr/share/texlive/texmf-dist/tex/latex/l3kernel/l3file.sty
Package: l3file 2012/03/09 v3520 L3 Experimental file and I/O operations
\l_iow_stream_int=\count96
\l_iow_line_length_int=\count97
\l_iow_target_length_int=\count98
\l_iow_current_line_int=\count99
\l_iow_current_word_int=\count100
\l_iow_current_indentation_int=\count101
)
(/usr/share/texlive/texmf-dist/tex/latex/l3kernel/l3skip.sty
Package: l3skip 2012/03/05 v3499 L3 Experimental dimensions and skips
\l_tmpa_dim=\dimen103
\l_tmpb_dim=\dimen104
\l_tmpc_dim=\dimen105
\g_tmpa_dim=\dimen106
\g_tmpb_dim=\dimen107
\l_tmpa_skip=\skip43
\l_tmpb_skip=\skip44
\l_tmpc_skip=\skip45
\g_tmpa_skip=\skip46
\g_tmpb_skip=\skip47
)
(/usr/share/texlive/texmf-dist/tex/latex/l3kernel/l3keys.sty
Package: l3keys 2012/03/03 v3487 L3 Experimental key-value interfaces
\g_keyval_level_int=\count102
\l_keys_choice_int=\count103
)
(/usr/share/texlive/texmf-dist/tex/latex/l3kernel/l3fp.sty
Package: l3fp 2012/03/04 v3490 L3 Experimental floating-point operations
\c_one_hundred_million=\count104
\c_five_hundred_million=\count105
\c_one_thousand_million=\count106
\c_fp_pi_by_four_decimal_int=\count107
\c_fp_pi_by_four_extended_int=\count108
\c_fp_pi_decimal_int=\count109
\c_fp_pi_extended_int=\count110
\c_fp_two_pi_decimal_int=\count111
\c_fp_two_pi_extended_int=\count112
\l_fp_count_int=\count113
\l_fp_div_offset_int=\count114
\l_fp_exp_integer_int=\count115
\l_fp_exp_decimal_int=\count116
\l_fp_exp_extended_int=\count117
\l_fp_exp_exponent_int=\count118
\l_fp_input_a_sign_int=\count119
\l_fp_input_a_integer_int=\count120
\l_fp_input_a_decimal_int=\count121
\l_fp_input_a_exponent_int=\count122
\l_fp_input_b_sign_int=\count123
\l_fp_input_b_integer_int=\count124
\l_fp_input_b_decimal_int=\count125
\l_fp_input_b_exponent_int=\count126
\l_fp_input_a_extended_int=\count127
\l_fp_input_b_extended_int=\count128
\l_fp_mul_a_i_int=\count129
\l_fp_mul_a_ii_int=\count130
\l_fp_mul_a_iii_int=\count131
\l_fp_mul_a_iv_int=\count132
\l_fp_mul_a_v_int=\count133
\l_fp_mul_a_vi_int=\count134
\l_fp_mul_b_i_int=\count135
\l_fp_mul_b_ii_int=\count136
\l_fp_mul_b_iii_int=\count137
\l_fp_mul_b_iv_int=\count138
\l_fp_mul_b_v_int=\count139
\l_fp_mul_b_vi_int=\count140
\l_fp_mul_output_int=\count141
\l_fp_output_sign_int=\count142
\l_fp_output_integer_int=\count143
\l_fp_output_decimal_int=\count144
\l_fp_output_exponent_int=\count145
\l_fp_output_extended_int=\count146
\l_fp_round_position_int=\count147
\l_fp_round_target_int=\count148
\l_fp_split_sign_int=\count149
\l_fp_internal_int=\count150
\l_fp_trig_octant_int=\count151
\l_fp_trig_sign_int=\count152
\l_fp_trig_decimal_int=\count153
\l_fp_trig_extended_int=\count154
\l_fp_internal_dim=\dimen108
\l_fp_internal_skip=\skip48
)
(/usr/share/texlive/texmf-dist/tex/latex/l3kernel/l3box.sty
Package: l3box 2012/03/04 v3490 L3 Experimental boxes
\l_tmpb_box=\box26
\l_box_top_dim=\dimen109
\l_box_bottom_dim=\dimen110
\l_box_left_dim=\dimen111
\l_box_right_dim=\dimen112
\l_box_top_new_dim=\dimen113
\l_box_bottom_new_dim=\dimen114
\l_box_left_new_dim=\dimen115
\l_box_right_new_dim=\dimen116
\l_box_internal_box=\box27
)
(/usr/share/texlive/texmf-dist/tex/latex/l3kernel/l3coffins.sty
Package: l3coffins 2012/03/03 v3482 L3 Experimental coffin code layer
\l_coffin_internal_box=\box28
\l_coffin_internal_dim=\dimen117
\l_coffin_offset_x_dim=\dimen118
\l_coffin_offset_y_dim=\dimen119
\l_coffin_x_dim=\dimen120
\l_coffin_y_dim=\dimen121
\l_coffin_x_prime_dim=\dimen122
\l_coffin_y_prime_dim=\dimen123
\l_coffin_Depth_dim=\dimen124
\l_coffin_Height_dim=\dimen125
\l_coffin_TotalHeight_dim=\dimen126
\l_coffin_Width_dim=\dimen127
\c_empty_coffin=\box29
\l_coffin_aligned_coffin=\box30
\l_coffin_aligned_internal_coffin=\box31
\l_coffin_bounding_shift_dim=\dimen128
\l_coffin_left_corner_dim=\dimen129
\l_coffin_right_corner_dim=\dimen130
\l_coffin_bottom_corner_dim=\dimen131
\l_coffin_top_corner_dim=\dimen132
\l_coffin_scaled_total_height_dim=\dimen133
\l_coffin_scaled_width_dim=\dimen134
\l_coffin_display_coffin=\box32
\l_coffin_display_coord_coffin=\box33
\l_coffin_display_pole_coffin=\box34
\l_coffin_display_offset_dim=\dimen135
\l_coffin_display_x_dim=\dimen136
\l_coffin_display_y_dim=\dimen137
)
(/usr/share/texlive/texmf-dist/tex/latex/l3kernel/l3color.sty
Package: l3color 2011/09/07 v2776 L3 Experimental colour support
)
(/usr/share/texlive/texmf-dist/tex/latex/l3kernel/l3luatex.sty
Package: l3luatex 2012/02/09 v3355 L3 Experimental LuaTeX-specific functions
\g_cctab_allocate_int=\count155
\g_cctab_stack_int=\count156
))
(/usr/share/texlive/texmf-dist/tex/latex/l3packages/xparse/xparse.sty
Package: xparse 2012/04/23 v3570 L3 Experimental document command parser
\l_xparse_current_arg_int=\count157
\l_xparse_m_args_int=\count158
\l_xparse_mandatory_args_int=\count159
\l_xparse_processor_int=\count160
\l_xparse_v_nesting_int=\count161
)
\l_fontspec_script_int=\count162
\l_fontspec_language_int=\count163
\l_fontspec_strnum_int=\count164
\l_fontspec_tmpa_dim=\dimen138
\l_fontspec_tmpb_dim=\dimen139
\l_fontspec_tmpc_dim=\dimen140
Variant \tl_gset:cV already defined; not changing it on line 66

(/usr/share/texlive/texmf-dist/tex/latex/fontspec/fontspec-patches.sty
Package: fontspec-patches 2012/05/06 v2.2b Advanced font selection for XeLaTeX/
LuaLaTeX

(/usr/share/texlive/texmf-dist/tex/latex/base/fixltx2e.sty
Package: fixltx2e 2006/09/13 v1.1m fixes to LaTeX
LaTeX Info: Redefining \em on input line 420.
)
LaTeX Info: Redefining \em on input line 22.
LaTeX Info: Redefining \emph on input line 29.
LaTeX Info: Redefining \- on input line 32.

*************************************************
* LaTeX warning: "xparse/redefine-command"
* 
* Redefining document command \oldstylenums with arg. spec. 'm' on line 107.
*************************************************
.................................................
. LaTeX info: "xparse/define-command"
. 
. Defining document command \liningnums with arg. spec. 'm' on line 111.
.................................................
) (/usr/share/texlive/texmf-dist/tex/latex/fontspec/fontspec-xetex.sty
Package: fontspec-xetex 2012/05/06 v2.2b Advanced font selection for XeLaTeX/Lu
aLaTeX

(/usr/share/texlive/texmf-dist/tex/latex/base/fontenc.sty
Package: fontenc 2005/09/27 v1.99g Standard LaTeX package

(/usr/share/texlive/texmf-dist/tex/latex/euenc/eu1enc.def
File: eu1enc.def 2010/05/27 v0.1h Experimental Unicode font encodings
)
LaTeX Font Info:    Try loading font information for EU1+lmr on input line 100.


(/usr/share/texlive/texmf-dist/tex/latex/euenc/eu1lmr.fd
File: eu1lmr.fd 2009/10/30 v1.6 Font defs for Latin Modern
))
(/usr/share/texlive/texmf-dist/tex/xelatex/xunicode/xunicode.sty
File: xunicode.sty 2011/09/09 v0.981 provides access to latin accents and many 
other characters in Unicode lower plane

(/usr/share/texmf/tex/latex/tipa/t3enc.def
File: t3enc.def 2001/12/31 T3 encoding
LaTeX Font Info:    Try loading font information for EU1+lmss on input line 357
.

(/usr/share/texlive/texmf-dist/tex/latex/euenc/eu1lmss.fd
File: eu1lmss.fd 2009/10/30 v1.6 Font defs for Latin Modern
))
\tipaTiiicode=\count165
\tipasavetokens=\toks14
\tipachecktokens=\toks15

(/usr/share/texlive/texmf-dist/tex/latex/graphics/graphicx.sty
Package: graphicx 1999/02/16 v1.0f Enhanced LaTeX Graphics (DPC,SPQR)

(/usr/share/texlive/texmf-dist/tex/latex/graphics/keyval.sty
Package: keyval 1999/03/16 v1.13 key=value parser (DPC)
\KV@toks@=\toks16
)
\Gin@req@height=\dimen141
\Gin@req@width=\dimen142
))
.................................................
. LaTeX info: "xparse/define-command"
. 
. Defining document command \fontspec with arg. spec. 'O{}m' on line 39.
.................................................
.................................................
. LaTeX info: "xparse/define-command"
. 
. Defining document command \setmainfont with arg. spec. 'O{}m' on line 43.
.................................................
.................................................
. LaTeX info: "xparse/define-command"
. 
. Defining document command \setsansfont with arg. spec. 'O{}m' on line 47.
.................................................
.................................................
. LaTeX info: "xparse/define-command"
. 
. Defining document command \setmonofont with arg. spec. 'O{}m' on line 51.
.................................................
.................................................
. LaTeX info: "xparse/define-command"
. 
. Defining document command \setmathrm with arg. spec. 'O{}m' on line 59.
.................................................
.................................................
. LaTeX info: "xparse/define-command"
. 
. Defining document command \setboldmathrm with arg. spec. 'O{}m' on line 62.
.................................................
.................................................
. LaTeX info: "xparse/define-command"
. 
. Defining document command \setmathsf with arg. spec. 'O{}m' on line 65.
.................................................
.................................................
. LaTeX info: "xparse/define-command"
. 
. Defining document command \setmathtt with arg. spec. 'O{}m' on line 68.
.................................................
.................................................
. LaTeX info: "xparse/define-command"
. 
. Defining document command \newfontfamily with arg. spec. 'mO{}m' on line 84.
.................................................
.................................................
. LaTeX info: "xparse/define-command"
. 
. Defining document command \newfontface with arg. spec. 'mO{}m' on line 87.
.................................................
.................................................
. LaTeX info: "xparse/define-command"
. 
. Defining document command \defaultfontfeatures with arg. spec. 'm' on line
. 91.
.................................................
.................................................
. LaTeX info: "xparse/define-command"
. 
. Defining document command \addfontfeatures with arg. spec. 'm' on line 107.
.................................................
.................................................
. LaTeX info: "xparse/define-command"
. 
. Defining document command \newfontfeature with arg. spec. 'mm' on line 118.
.................................................
.................................................
. LaTeX info: "xparse/define-command"
. 
. Defining document command \newAATfeature with arg. spec. 'mmmm' on line 125.
.................................................
.................................................
. LaTeX info: "xparse/define-command"
. 
. Defining document command \newICUfeature with arg. spec. 'mmm' on line 132.
.................................................
.................................................
. LaTeX info: "xparse/define-command"
. 
. Defining document command \aliasfontfeature with arg. spec. 'mm' on line
. 159.
.................................................
.................................................
. LaTeX info: "xparse/define-command"
. 
. Defining document command \aliasfontfeatureoption with arg. spec. 'mmm' on
. line 164.
.................................................
.................................................
. LaTeX info: "xparse/define-command"
. 
. Defining document command \newfontscript with arg. spec. 'mm' on line 169.
.................................................
.................................................
. LaTeX info: "xparse/define-command"
. 
. Defining document command \newfontlanguage with arg. spec. 'mm' on line 192.
.................................................
.................................................
. LaTeX info: "xparse/define-command"
. 
. Defining document command \DeclareFontsExtensions with arg. spec. 'm' on
. line 211.
.................................................
Variant \prop_gput:cnV already defined; not changing it on line 485
Variant \prop_gput:cnx already defined; not changing it on line 486
\l_fontspec_tmp_int=\count166
LaTeX Info: Redefining \itshape on input line 1893.
LaTeX Info: Redefining \slshape on input line 1897.
LaTeX Info: Redefining \scshape on input line 1901.
LaTeX Info: Redefining \upshape on input line 1905.

(/usr/share/texlive/texmf-dist/tex/latex/fontspec/fontspec.cfg)))
\g_fontspec_family_Palatino Linotype_int=\count167
.................................................
. fontspec info: "defining-font"
. 
. Font family 'PalatinoLinotype(0)' created for font 'Palatino Linotype' with
. options [Mapping=tex-text, ItalicFont = {Palatino Linotype Italic}, BoldFont
. = {Palatino Linotype Bold}, BoldItalicFont = {Palatino Linotype Bold
. Italic}].
. 
. This font family consists of the following shapes:
. 
. * 'normal' with NFSS spec.:
. <->"Palatino Linotype/ICU:script=latn;language=DFLT;mapping=tex-text;"
. 
. * 'small caps' with NFSS spec.:
. <->"Palatino Linotype/ICU:script=latn;language=DFLT;mapping=tex-text;+smcp;"
. 
. * 'bold' with NFSS spec.:
. <->"Palatino Linotype Bold/ICU:script=latn;language=DFLT;mapping=tex-text;"
. 
. * 'bold small caps' with NFSS spec.:
. <->"Palatino Linotype
. Bold/ICU:script=latn;language=DFLT;mapping=tex-text;+smcp;"
. 
. * 'italic' with NFSS spec.:
. <->"Palatino Linotype
. Italic/ICU:script=latn;language=DFLT;mapping=tex-text;"
. 
. * 'italic small caps' with NFSS spec.:
. <->"Palatino Linotype
. Italic/ICU:script=latn;language=DFLT;mapping=tex-text;+smcp;"
. 
. * 'bold italic' with NFSS spec.:
. <->"Palatino Linotype Bold
. Italic/ICU:script=latn;language=DFLT;mapping=tex-text;"
. 
. * 'bold italic small caps' with NFSS spec.:
. <->"Palatino Linotype Bold
. Italic/ICU:script=latn;language=DFLT;mapping=tex-text;+smcp;"
.................................................
\g_fontspec_family_OmnesRegular-Roman_int=\count168
.................................................
. fontspec info: "defining-font"
. 
. Font family 'OmnesRegular-Roman(0)' created for font 'OmnesRegular-Roman'
. with options [Mapping=tex-text, Numbers=Monospaced, ItalicFont =
. {OmnesRegular-Italic}, BoldFont = {OmnesSemibold-Roman}, BoldItalicFont =
. {OmnesSemibold-Italic}].
. 
. This font family consists of the following shapes:
. 
. * 'normal' with NFSS spec.:
. 
. <->"OmnesRegular-Roman/ICU:script=latn;language=DFLT;mapping=tex-text;+tnum;"

. 
. * 'bold' with NFSS spec.:
. 
. <->"OmnesSemibold-Roman/ICU:script=latn;language=DFLT;mapping=tex-text;+tnum;
"
. 
. * 'italic' with NFSS spec.:
. 
. <->"OmnesRegular-Italic/ICU:script=latn;language=DFLT;mapping=tex-text;+tnum;
"
. 
. * 'bold italic' with NFSS spec.:
. 
. <->"OmnesSemibold-Italic/ICU:script=latn;language=DFLT;mapping=tex-text;+tnum
;"
.................................................
.................................................
. fontspec info: "defining-font"
. 
. Font family 'OmnesRegular-Roman(0)' created for font 'OmnesRegular-Roman'
. with options [Mapping=tex-text, Numbers=Monospaced, ItalicFont =
. {OmnesRegular-Italic}, BoldFont = {OmnesSemibold-Roman}, BoldItalicFont =
. {OmnesSemibold-Italic}].
. 
. This font family consists of the following shapes:
.................................................
.................................................
. fontspec info: "defining-font"
. 
. Font family 'OmnesRegular-Roman(0)' created for font 'OmnesRegular-Roman'
. with options [Mapping=tex-text, Numbers=Monospaced, ItalicFont =
. {OmnesRegular-Italic}, BoldFont = {OmnesSemibold-Roman}, BoldItalicFont =
. {OmnesSemibold-Italic}].
. 
. This font family consists of the following shapes:
.................................................
.................................................
. fontspec info: "defining-font"
. 
. Font family 'OmnesRegular-Roman(0)' created for font 'OmnesRegular-Roman'
. with options [Mapping=tex-text, Numbers=Monospaced, ItalicFont =
. {OmnesRegular-Italic}, BoldFont = {OmnesSemibold-Roman}, BoldItalicFont =
. {OmnesSemibold-Italic}].
. 
. This font family consists of the following shapes:
.................................................
.................................................
. fontspec info: "defining-font"
. 
. Font family 'OmnesRegular-Roman(0)' created for font 'OmnesRegular-Roman'
. with options [Mapping=tex-text, Numbers=Monospaced, ItalicFont =
. {OmnesRegular-Italic}, BoldFont = {OmnesSemibold-Roman}, BoldItalicFont =
. {OmnesSemibold-Italic}].
. 
. This font family consists of the following shapes:
.................................................

(/usr/share/texmf/tex/latex/xcolor/xcolor.sty
Package: xcolor 2007/01/21 v2.11 LaTeX color extensions (UK)

(/usr/share/texlive/texmf-dist/tex/latex/latexconfig/color.cfg
File: color.cfg 2007/01/18 v1.5 color configuration of teTeX/TeXLive
)
Package xcolor Info: Driver file: xetex.def on input line 225.

(/usr/share/texlive/texmf-dist/tex/latex/colortbl/colortbl.sty
Package: colortbl 2012/02/13 v1.0a Color table columns (DPC)

(/usr/share/texlive/texmf-dist/tex/latex/tools/array.sty
Package: array 2008/09/09 v2.4c Tabular extension package (FMi)
\col@sep=\dimen143
\extrarowheight=\dimen144
\NC@list=\toks17
\extratabsurround=\skip49
\backup@length=\skip50
)
\everycr=\toks18
\minrowclearance=\skip51
)
LaTeX Info: Redefining \color on input line 702.
\rownum=\count169
Package xcolor Info: Model `cmy' substituted by `cmy0' on input line 1337.
Package xcolor Info: Model `RGB' extended on input line 1353.
Package xcolor Info: Model `HTML' substituted by `rgb' on input line 1355.
Package xcolor Info: Model `Hsb' substituted by `hsb' on input line 1356.
Package xcolor Info: Model `tHsb' substituted by `hsb' on input line 1357.
Package xcolor Info: Model `HSB' substituted by `hsb' on input line 1358.
Package xcolor Info: Model `Gray' substituted by `gray' on input line 1359.
Package xcolor Info: Model `wave' substituted by `hsb' on input line 1360.
)
(/usr/share/texlive/texmf-dist/tex/latex/titlesec/titlesec.sty
Package: titlesec 2011/12/15 v2.10.0 Sectioning titles
\ttl@box=\box35
\beforetitleunit=\skip52
\aftertitleunit=\skip53
\ttl@plus=\dimen145
\ttl@minus=\dimen146
\ttl@toksa=\toks19
\titlewidth=\dimen147
\titlewidthlast=\dimen148
\titlewidthfirst=\dimen149
)
(/usr/share/texlive/texmf-dist/tex/latex/fancyhdr/fancyhdr.sty
\fancy@headwidth=\skip54
\f@ncyO@elh=\skip55
\f@ncyO@erh=\skip56
\f@ncyO@olh=\skip57
\f@ncyO@orh=\skip58
\f@ncyO@elf=\skip59
\f@ncyO@erf=\skip60
\f@ncyO@olf=\skip61
\f@ncyO@orf=\skip62
)
(/usr/share/texlive/texmf-dist/tex/latex/textpos/textpos.sty
Package: textpos 2012/06/01 v1.7h

Package: textpos 2012/06/01 1.7h, absolute positioning of text on the page
(/usr/share/texlive/texmf-dist/tex/latex/ms/everyshi.sty
Package: everyshi 2001/05/15 v3.00 EveryShipout Package (MS)
)
\TP@textbox=\box36
\TP@holdbox=\box37
\TPHorizModule=\dimen150
\TPVertModule=\dimen151
\TP@margin=\dimen152
\TP@absmargin=\dimen153

Grid set 16 x 16 = 37.34424pt x 52.81541pt
\TPboxrulesize=\dimen154
\TP@ox=\dimen155
\TP@oy=\dimen156
\TP@tbargs=\toks20
\TP@prevdepth=\dimen157
TextBlockOrigin set to 0pt x 0pt
) (/usr/share/texlive/texmf-dist/tex/latex/etoolbox/etoolbox.sty
Package: etoolbox 2011/01/03 v2.1 e-TeX tools for LaTeX
\etb@tempcnta=\count170
)
(/usr/share/texlive/texmf-dist/tex/latex/hyphenat/hyphenat.sty
Package: hyphenat 2009/09/02 v2.3c hyphenation utilities
\langwohyphens=\language75
LaTeX Info: Redefining \_ on input line 43.
)
(/usr/share/texlive/texmf-dist/tex/latex/setspace/setspace.sty
Package: setspace 2011/12/19 v6.7a set line spacing
)
(/usr/share/texlive/texmf-dist/tex/latex/oberdiek/ifdraft.sty
Package: ifdraft 2008/08/11 v1.3 Detect class options draft and final (HO)
)
(/usr/share/texlive/texmf-dist/tex/latex/booktabs/booktabs.sty
Package: booktabs 2005/04/14 v1.61803 publication quality tables
\heavyrulewidth=\dimen158
\lightrulewidth=\dimen159
\cmidrulewidth=\dimen160
\belowrulesep=\dimen161
\belowbottomsep=\dimen162
\aboverulesep=\dimen163
\abovetopsep=\dimen164
\cmidrulesep=\dimen165
\cmidrulekern=\dimen166
\defaultaddspace=\dimen167
\@cmidla=\count171
\@cmidlb=\count172
\@aboverulesep=\dimen168
\@belowrulesep=\dimen169
\@thisruleclass=\count173
\@lastruleclass=\count174
\@thisrulewidth=\dimen170
)
(/usr/share/texlive/texmf-dist/tex/latex/hyperref/hyperref.sty
Package: hyperref 2012/05/13 v6.82q Hypertext links for LaTeX

(/usr/share/texlive/texmf-dist/tex/generic/oberdiek/hobsub-hyperref.sty
Package: hobsub-hyperref 2012/05/28 v1.13 Bundle oberdiek, subset hyperref (HO)


(/usr/share/texlive/texmf-dist/tex/generic/oberdiek/hobsub-generic.sty
Package: hobsub-generic 2012/05/28 v1.13 Bundle oberdiek, subset generic (HO)
Package: hobsub 2012/05/28 v1.13 Construct package bundles (HO)
Package: infwarerr 2010/04/08 v1.3 Providing info/warning/error messages (HO)
Package: ltxcmds 2011/11/09 v1.22 LaTeX kernel commands for general use (HO)
Package: ifluatex 2010/03/01 v1.3 Provides the ifluatex switch (HO)
Package ifluatex Info: LuaTeX not detected.
Package: ifvtex 2010/03/01 v1.5 Detect VTeX and its facilities (HO)
Package ifvtex Info: VTeX not detected.
Package: intcalc 2007/09/27 v1.1 Expandable calculations with integers (HO)
Package: ifpdf 2011/01/30 v2.3 Provides the ifpdf switch (HO)
Package ifpdf Info: pdfTeX in PDF mode is not detected.
Package: etexcmds 2011/02/16 v1.5 Avoid name clashes with e-TeX commands (HO)
Package etexcmds Info: Could not find \expanded.
(etexcmds)             That can mean that you are not using pdfTeX 1.50 or
(etexcmds)             that some package has redefined \expanded.
(etexcmds)             In the latter case, load this package earlier.
Package: kvsetkeys 2012/04/25 v1.16 Key value parser (HO)
Package: kvdefinekeys 2011/04/07 v1.3 Define keys (HO)
Package: pdftexcmds 2011/11/29 v0.20 Utility functions of pdfTeX for LuaTeX (HO
)
Package pdftexcmds Info: LuaTeX not detected.
Package pdftexcmds Info: pdfTeX >= 1.30 not detected.
Package pdftexcmds Info: \pdf@primitive is available.
Package pdftexcmds Info: \pdf@ifprimitive is available.
Package pdftexcmds Info: \pdfdraftmode not found.
Package: pdfescape 2011/11/25 v1.13 Implements pdfTeX's escape features (HO)
Package: bigintcalc 2012/04/08 v1.3 Expandable calculations on big integers (HO
)
Package: bitset 2011/01/30 v1.1 Handle bit-vector datatype (HO)
Package: uniquecounter 2011/01/30 v1.2 Provide unlimited unique counter (HO)
)
Package hobsub Info: Skipping package `hobsub' (already loaded).
Package: letltxmacro 2010/09/02 v1.4 Let assignment for LaTeX macros (HO)
Package: hopatch 2012/05/28 v1.2 Wrapper for package hooks (HO)
Package: xcolor-patch 2011/01/30 xcolor patch
Package: atveryend 2011/06/30 v1.8 Hooks at the very end of document (HO)
Package: atbegshi 2011/10/05 v1.16 At begin shipout hook (HO)
Package: refcount 2011/10/16 v3.4 Data extraction from label references (HO)
Package: hycolor 2011/01/30 v1.7 Color options for hyperref/bookmark (HO)
)
(/usr/share/texlive/texmf-dist/tex/generic/ifxetex/ifxetex.sty
Package: ifxetex 2010/09/12 v0.6 Provides ifxetex conditional
)
(/usr/share/texlive/texmf-dist/tex/latex/oberdiek/kvoptions.sty
Package: kvoptions 2011/06/30 v3.11 Key value format for package options (HO)
)
\@linkdim=\dimen171
\Hy@linkcounter=\count175
\Hy@pagecounter=\count176

(/usr/share/texlive/texmf-dist/tex/latex/hyperref/pd1enc.def
File: pd1enc.def 2012/05/13 v6.82q Hyperref: PDFDocEncoding definition (HO)
)
\Hy@SavedSpaceFactor=\count177

(/usr/share/texlive/texmf-dist/tex/xelatex/xetexconfig/hyperref.cfg
File: hyperref.cfg 2008/07/11 v1.2 hyperref configuration for XeLaTeX
)
Package hyperref Info: Hyper figures OFF on input line 4062.
Package hyperref Info: Link nesting OFF on input line 4067.
Package hyperref Info: Hyper index ON on input line 4070.
Package hyperref Info: Plain pages OFF on input line 4077.
Package hyperref Info: Backreferencing OFF on input line 4082.
Package hyperref Info: Implicit mode ON; LaTeX internals redefined.
Package hyperref Info: Bookmarks ON on input line 4300.
\c@Hy@tempcnt=\count178

(/usr/share/texlive/texmf-dist/tex/latex/url/url.sty
\Urlmuskip=\muskip10
Package: url 2006/04/12  ver 3.3  Verb mode for urls, etc.
)
LaTeX Info: Redefining \url on input line 4653.
\Fld@menulength=\count179
\Field@Width=\dimen172
\Fld@charsize=\dimen173
Package hyperref Info: Hyper figures OFF on input line 5773.
Package hyperref Info: Link nesting OFF on input line 5778.
Package hyperref Info: Hyper index ON on input line 5781.
Package hyperref Info: backreferencing OFF on input line 5788.
Package hyperref Info: Link coloring OFF on input line 5793.
Package hyperref Info: Link coloring with OCG OFF on input line 5798.
Package hyperref Info: PDF/A mode OFF on input line 5803.
LaTeX Info: Redefining \ref on input line 5843.
LaTeX Info: Redefining \pageref on input line 5847.
\Hy@abspage=\count180
\c@Item=\count181
\c@Hfootnote=\count182
)

Package hyperref Message: Driver (autodetected): hxetex.

(/usr/share/texlive/texmf-dist/tex/latex/hyperref/hxetex.def
File: hxetex.def 2012/05/13 v6.82q Hyperref driver for XeTeX

(/usr/share/texlive/texmf-dist/tex/latex/hyperref/puenc.def
File: puenc.def 2012/05/13 v6.82q Hyperref: PDF Unicode definition (HO)
)
(/usr/share/texlive/texmf-dist/tex/generic/oberdiek/stringenc.sty
Package: stringenc 2011/12/02 v1.10 Convert strings between diff. encodings (HO
)
)
\pdfm@box=\box38
\c@Hy@AnnotLevel=\count183
\HyField@AnnotCount=\count184
\Fld@listcount=\count185
\c@bookmark@seq@number=\count186

(/usr/share/texlive/texmf-dist/tex/latex/oberdiek/rerunfilecheck.sty
Package: rerunfilecheck 2011/04/15 v1.7 Rerun checks for auxiliary files (HO)
Package rerunfilecheck Info: Feature \pdfmdfivesum is not available
(rerunfilecheck)             (e.g. pdfTeX or LuaTeX with package `pdftexcmds').

(rerunfilecheck)             Therefore file contents cannot be checked efficien
tly
(rerunfilecheck)             and the loading of the package is aborted.
)
\Hy@SectionHShift=\skip63
)
Package hyperref Info: Option `colorlinks' set `true' on input line 122.


Package hyperref Warning: Option `pagecolor' is not available anymore.

) (/usr/share/texlive/texmf-dist/tex/latex/geometry/geometry.sty
Package: geometry 2010/09/12 v5.6 Page Geometry
\Gm@cnth=\count187
\Gm@cntv=\count188
\c@Gm@tempcnt=\count189
\Gm@bindingoffset=\dimen174
\Gm@wd@mp=\dimen175
\Gm@odd@mp=\dimen176
\Gm@even@mp=\dimen177
\Gm@layoutwidth=\dimen178
\Gm@layoutheight=\dimen179
\Gm@layouthoffset=\dimen180
\Gm@layoutvoffset=\dimen181
\Gm@dimlist=\toks21
)
(/usr/share/texlive/texmf-dist/tex/latex/csquotes/csquotes.sty
Package: csquotes 2011/10/22 v5.1d context-sensitive quotations
\csq@reset=\count190
\csq@gtype=\count191
\csq@glevel=\count192
\csq@qlevel=\count193
\csq@maxlvl=\count194
\csq@tshold=\count195
\csq@ltx@everypar=\toks22

(/usr/share/texlive/texmf-dist/tex/latex/csquotes/csquotes.def
File: csquotes.def 2011/10/22 v5.1d csquotes generic definitions
)
Package csquotes Info: Trying to load configuration file 'csquotes.cfg'...
Package csquotes Info: ... configuration file loaded successfully.

(/usr/share/texlive/texmf-dist/tex/latex/csquotes/csquotes.cfg
File: csquotes.cfg 
))
(/usr/share/texlive/texmf-dist/tex/xelatex/polyglossia/polyglossia.sty
Package: polyglossia 2012/04/29 v1.2.1 Babel replacement for XeLaTeX

(/usr/share/texlive/texmf-dist/tex/latex/makecmds/makecmds.sty
Package: makecmds 2009/09/03 v1.0a extra command making commands
)
(/usr/share/texlive/texmf-dist/tex/latex/xkeyval/xkeyval.sty
Package: xkeyval 2008/08/13 v2.6a package option processing (HA)

(/usr/share/texlive/texmf-dist/tex/generic/xkeyval/xkeyval.tex
\XKV@toks=\toks23
\XKV@tempa@toks=\toks24
\XKV@depth=\count196
File: xkeyval.tex 2008/08/13 v2.6a key=value parser (HA)
))
\xpg@normalclass=\XeTeXintercharclass4
)
(/usr/share/texlive/texmf-dist/tex/xelatex/polyglossia/gloss-english.ldf
File: gloss-english.ldf polyglossia: module for english
)
Package polyglossia Info: Default language is english.

(/usr/share/texlive/texmf-dist/tex/latex/biblatex/latex/biblatex.sty
Package: biblatex 2013/11/25 v2.8a programmable bibliographies (PK/JW/AB)

(/usr/share/texlive/texmf-dist/tex/latex/biblatex/latex/biblatex2.sty
Package: biblatex2 2013/11/25 v2.8a programmable bibliographies (biber) (PK/JW/
AB)

(/usr/share/texlive/texmf-dist/tex/latex/logreq/logreq.sty
Package: logreq 2010/08/04 v1.0 xml request logger
\lrq@indent=\count197

(/usr/share/texlive/texmf-dist/tex/latex/logreq/logreq.def
File: logreq.def 2010/08/04 v1.0 logreq spec v1.0
))
(/usr/share/texlive/texmf-dist/tex/latex/base/ifthen.sty
Package: ifthen 2001/05/26 v1.1c Standard LaTeX ifthen package (DPC)
)
\c@tabx@nest=\count198
\c@listtotal=\count199
\c@listcount=\count200
\c@liststart=\count201
Normal \count register pool exhausted, switching to extended pool.
\c@liststop=\count277
\c@citecount=\count278
\c@citetotal=\count279
\c@multicitecount=\count280
\c@multicitetotal=\count281
\c@instcount=\count282
\c@maxnames=\count283
\c@minnames=\count284
\c@maxitems=\count285
\c@minitems=\count286
\c@citecounter=\count287
\c@savedcitecounter=\count288
\c@uniquelist=\count289
\c@uniquename=\count290
\c@refsection=\count291
\c@refsegment=\count292
\c@maxextratitle=\count293
\c@maxextratitleyear=\count294
\c@maxextrayear=\count295
\c@maxextraalpha=\count296
\c@abbrvpenalty=\count297
\c@highnamepenalty=\count298
\c@lownamepenalty=\count299
\c@maxparens=\count300
\c@parenlevel=\count301
\blx@tempcnta=\count302
\blx@tempcntb=\count303
\blx@tempcntc=\count304
\blx@maxsection=\count305
\blx@maxsegment@0=\count306
\blx@notetype=\count307
\blx@parenlevel@text=\count308
\blx@parenlevel@foot=\count309
\blx@sectionciteorder@0=\count310
\labelnumberwidth=\skip64
\labelalphawidth=\skip65
\shorthandwidth=\skip66
\biblabelsep=\skip67
\bibitemsep=\skip68
\bibnamesep=\skip69
\bibinitsep=\skip70
\bibparsep=\skip71
\bibhang=\skip72
\blx@bcfin=\read1
\blx@bcfout=\write3
\c@mincomprange=\count311
\c@maxcomprange=\count312
\c@mincompwidth=\count313
Package biblatex Info: Trying to load biblatex default data model...
Package biblatex Info: ... file 'blx-dm.def' found.

(/usr/share/texlive/texmf-dist/tex/latex/biblatex/latex/blx-dm.def)
Package biblatex Info: Trying to load biblatex style data model...
Package biblatex Info: ... file 'mfish.dbx' found.

(/usr/share/texlive/texmf-dist/tex/latex/biblatex-mfish/mfish.dbx
File: mfish.dbx 2014/04/16 v6.5 APA biblatex style data model
)
Package biblatex Info: Trying to load biblatex custom data model...
Package biblatex Info: ... file 'biblatex-dm.cfg' not found.
\c@afterword=\count314
\c@savedafterword=\count315
\c@annotator=\count316
\c@savedannotator=\count317
\c@author=\count318
\c@savedauthor=\count319
\c@bookauthor=\count320
\c@savedbookauthor=\count321
\c@commentator=\count322
\c@savedcommentator=\count323
\c@editor=\count324
\c@savededitor=\count325
\c@editora=\count326
\c@savededitora=\count327
\c@editorb=\count328
\c@savededitorb=\count329
\c@editorc=\count330
\c@savededitorc=\count331
\c@foreword=\count332
\c@savedforeword=\count333
\c@holder=\count334
\c@savedholder=\count335
\c@introduction=\count336
\c@savedintroduction=\count337
\c@namea=\count338
\c@savednamea=\count339
\c@nameb=\count340
\c@savednameb=\count341
\c@namec=\count342
\c@savednamec=\count343
\c@shortauthor=\count344
\c@savedshortauthor=\count345
\c@shorteditor=\count346
\c@savedshorteditor=\count347
\c@translator=\count348
\c@savedtranslator=\count349
\c@with=\count350
\c@savedwith=\count351
\c@writer=\count352
\c@savedwriter=\count353
\c@producer=\count354
\c@savedproducer=\count355
\c@execproducer=\count356
\c@savedexecproducer=\count357
\c@director=\count358
\c@saveddirector=\count359
\c@labelname=\count360
\c@savedlabelname=\count361
\c@institution=\count362
\c@savedinstitution=\count363
\c@lista=\count364
\c@savedlista=\count365
\c@listb=\count366
\c@savedlistb=\count367
\c@listc=\count368
\c@savedlistc=\count369
\c@listd=\count370
\c@savedlistd=\count371
\c@liste=\count372
\c@savedliste=\count373
\c@listf=\count374
\c@savedlistf=\count375
\c@location=\count376
\c@savedlocation=\count377
\c@organization=\count378
\c@savedorganization=\count379
\c@origlocation=\count380
\c@savedoriglocation=\count381
\c@origpublisher=\count382
\c@savedorigpublisher=\count383
\c@publisher=\count384
\c@savedpublisher=\count385
\c@language=\count386
\c@savedlanguage=\count387
\c@pageref=\count388
\c@savedpageref=\count389
Package biblatex Info: Trying to load compatibility code...
Package biblatex Info: ... file 'blx-compat.def' found.

(/usr/share/texlive/texmf-dist/tex/latex/biblatex/latex/blx-compat.def
File: blx-compat.def 2013/11/25 v2.8a biblatex compatibility (PK/JW/AB)
)
Package biblatex Info: Trying to load generic definitions...
Package biblatex Info: ... file 'biblatex.def' found.

(/usr/share/texlive/texmf-dist/tex/latex/biblatex/latex/biblatex.def
File: biblatex.def 
\c@textcitecount=\count390
\c@textcitetotal=\count391
\c@textcitemaxnames=\count392
\c@biburlnumpenalty=\count393
\c@biburlucpenalty=\count394
\c@biburllcpenalty=\count395
\c@smartand=\count396
)
Package biblatex Info: Trying to load bibliography style 'mfish'...
Package biblatex Info: ... file 'mfish.bbx' found.

(/usr/share/texlive/texmf-dist/tex/latex/biblatex-mfish/mfish.bbx
File: mfish.bbx 2014/04/16 v6.5 APA biblatex references style
Package biblatex Info: Trying to load bibliography style 'standard'...
Package biblatex Info: ... file 'standard.bbx' found.

(/usr/share/texlive/texmf-dist/tex/latex/biblatex/latex/bbx/standard.bbx
File: standard.bbx 2013/11/25 v2.8a biblatex bibliography style (PK/JW/AB)
\c@bbx:relatedcount=\count397
\c@bbx:relatedtotal=\count398
))
Package biblatex Info: Trying to load citation style 'mfish'...
Package biblatex Info: ... file 'mfish.cbx' found.

(/usr/share/texlive/texmf-dist/tex/latex/biblatex-mfish/mfish.cbx
File: mfish.cbx 2014/04/16 v6.5 APA biblatex citation style
Package biblatex Info: Redefining '\parencite'.
Package biblatex Info: Redefining '\fullcite'.
Package biblatex Info: Redefining '\citeyear'.
Package biblatex Info: Redefining '\cite'.
Package biblatex Info: Redefining '\footcite'.
Package biblatex Info: Redefining '\textcites'.
Package biblatex Info: Redefining '\textcite'.
Package biblatex Info: Redefining '\citeauthor'.
)
Package biblatex Info: Trying to load configuration file...
Package biblatex Info: ... file 'biblatex.cfg' found.

(/usr/share/texlive/texmf-dist/tex/latex/biblatex/latex/biblatex.cfg
File: biblatex.cfg 
)))
(/usr/share/texlive/texmf-dist/tex/latex/wallpaper/wallpaper.sty
Package: wallpaper 2005/01/18, v1.01 easy wallpaper formatting (MHFW)

(/usr/share/texlive/texmf-dist/tex/latex/tools/calc.sty
Package: calc 2007/08/22 v4.3 Infix arithmetic (KKT,FJ)
\calc@Acount=\count399
\calc@Bcount=\count400
\calc@Adimen=\dimen182
\calc@Bdimen=\dimen183
\calc@Askip=\skip73
\calc@Bskip=\skip74
LaTeX Info: Redefining \setlength on input line 76.
LaTeX Info: Redefining \addtolength on input line 77.
\calc@Ccount=\count401
\calc@Cskip=\skip75
)
(/usr/share/texlive/texmf-dist/tex/latex/eso-pic/eso-pic.sty
Package: eso-pic 2010/10/06 v2.0c eso-pic (RN)
)
\wpXoffset=\skip76
\wpYoffset=\skip77
\tileXoffset=\skip78
\tileYoffset=\skip79
\tilewidth=\skip80
\tileheight=\skip81
\tileX=\skip82
\tileY=\skip83
)
*************************************************
* LaTeX warning: "xparse/redefine-command"
* 
* Redefining document command \maketitle with arg. spec. '' on line 217.
*************************************************
(/usr/share/texlive/texmf-dist/tex/latex/tocloft/tocloft.sty
Package: tocloft 2010/10/13 v2.3e parameterised ToC, etc., typesetting
Package tocloft Info: The document has section divisions on input line 43.
\cftparskip=\skip84
\cftbeforetoctitleskip=\skip85
\cftaftertoctitleskip=\skip86
\cftbeforepartskip=\skip87
\cftpartnumwidth=\skip88
\cftpartindent=\skip89
\cftbeforesecskip=\skip90
\cftsecindent=\skip91
\cftsecnumwidth=\skip92
\cftbeforesubsecskip=\skip93
\cftsubsecindent=\skip94
\cftsubsecnumwidth=\skip95
\cftbeforesubsubsecskip=\skip96
\cftsubsubsecindent=\skip97
\cftsubsubsecnumwidth=\skip98
\cftbeforeparaskip=\skip99
\cftparaindent=\skip100
\cftparanumwidth=\skip101
\cftbeforesubparaskip=\skip102
\cftsubparaindent=\skip103
\cftsubparanumwidth=\skip104
\cftbeforeloftitleskip=\skip105
\cftafterloftitleskip=\skip106
\cftbeforefigskip=\skip107
\cftfigindent=\skip108
\cftfignumwidth=\skip109
\c@lofdepth=\count402
\c@lotdepth=\count403
\cftbeforelottitleskip=\skip110
\cftafterlottitleskip=\skip111
\cftbeforetabskip=\skip112
\cfttabindent=\skip113
\cfttabnumwidth=\skip114
)
(/usr/share/texlive/texmf-dist/tex/latex/caption/caption.sty
Package: caption 2012/02/19 v3.2f Customizing captions (AR)

(/usr/share/texlive/texmf-dist/tex/latex/caption/caption3.sty
Package: caption3 2012/01/12 v1.4b caption3 kernel (AR)
\captionmargin=\dimen184
\captionmargin@=\dimen185
\captionwidth=\dimen186
\caption@indent=\dimen187
\caption@parindent=\dimen188
\caption@hangindent=\dimen189
)
\c@ContinuedFloat=\count404
Package caption Info: hyperref package is loaded.
)
(/usr/share/texlive/texmf-dist/tex/latex/lastpage/lastpage.sty
Package: lastpage 2011/09/01 v1.2k Refers to last page's name (HMM; JPG)
)
.................................................
. LaTeX info: "xparse/define-command"
. 
. Defining document command \summary with arg. spec. 'O {Executive Summary}'
. on line 292.
.................................................

(/usr/share/texlive/texmf-dist/tex/latex/lettrine/lettrine.sty
File: lettrine.sty 2007/08/08 v1.62 (Daniel Flipo)
\c@DefaultLines=\count405
\DefaultFindent=\dimen190
\DefaultNindent=\dimen191
\DefaultSlope=\dimen192
\L@lbox=\box39
\L@tbox=\box40
\c@L@lines=\count406
\L@Pindent=\dimen193
\L@Findent=\dimen194
\L@Nindent=\dimen195
\L@lraise=\dimen196
\L@first=\dimen197
\L@next=\dimen198
\L@slope=\dimen199
\L@height=\dimen200
\LettrineWidth=\dimen201

Loading lettrine.cfg
(/usr/share/texlive/texmf-dist/tex/latex/lettrine/lettrine.cfg))
(/usr/share/texlive/texmf-dist/tex/latex/appendix/appendix.sty
Package: appendix 2009/09/02 v1.2b extra appendix facilities
\c@@pps=\count407
\c@@ppsavesec=\count408
\c@@ppsaveapp=\count409
))
(/usr/share/texlive/texmf-dist/tex/latex/framed/framed.sty
Package: framed 2011/10/22 v 0.96: framed or shaded text with page breaks
\OuterFrameSep=\skip115
Normal \dimen register pool exhausted, switching to extended pool.
\fb@frw=\dimen256
\fb@frh=\dimen257
\FrameRule=\dimen258
\FrameSep=\dimen259
)
(/usr/share/texlive/texmf-dist/tex/latex/base/alltt.sty
Package: alltt 1997/06/16 v2.0g defines alltt environment
)
(/usr/share/texlive/texmf-dist/tex/latex/upquote/upquote.sty
Package: upquote 2012/04/19 v1.3 upright-quote and grave-accent glyphs in verba
tim

(/usr/share/texlive/texmf-dist/tex/latex/base/textcomp.sty
Package: textcomp 2005/09/27 v1.99g Standard LaTeX package
Package textcomp Info: Sub-encoding information:
(textcomp)               5 = only ISO-Adobe without \textcurrency
(textcomp)               4 = 5 + \texteuro
(textcomp)               3 = 4 + \textohm
(textcomp)               2 = 3 + \textestimated + \textcurrency
(textcomp)               1 = TS1 - \textcircled - \t
(textcomp)               0 = TS1 (full)
(textcomp)             Font families with sub-encoding setting implement
(textcomp)             only a restricted character set as indicated.
(textcomp)             Family '?' is the default used for unknown fonts.
(textcomp)             See the documentation for details.
Package textcomp Info: Setting ? sub-encoding to TS1/1 on input line 71.

(/usr/share/texlive/texmf-dist/tex/latex/base/ts1enc.def
File: ts1enc.def 2001/06/05 v3.0e (jk/car/fm) Standard LaTeX file
)
LaTeX Info: Redefining \oldstylenums on input line 266.
Package textcomp Info: Setting cmr sub-encoding to TS1/0 on input line 281.
Package textcomp Info: Setting cmss sub-encoding to TS1/0 on input line 282.
Package textcomp Info: Setting cmtt sub-encoding to TS1/0 on input line 283.
Package textcomp Info: Setting cmvtt sub-encoding to TS1/0 on input line 284.
Package textcomp Info: Setting cmbr sub-encoding to TS1/0 on input line 285.
Package textcomp Info: Setting cmtl sub-encoding to TS1/0 on input line 286.
Package textcomp Info: Setting ccr sub-encoding to TS1/0 on input line 287.
Package textcomp Info: Setting ptm sub-encoding to TS1/4 on input line 288.
Package textcomp Info: Setting pcr sub-encoding to TS1/4 on input line 289.
Package textcomp Info: Setting phv sub-encoding to TS1/4 on input line 290.
Package textcomp Info: Setting ppl sub-encoding to TS1/3 on input line 291.
Package textcomp Info: Setting pag sub-encoding to TS1/4 on input line 292.
Package textcomp Info: Setting pbk sub-encoding to TS1/4 on input line 293.
Package textcomp Info: Setting pnc sub-encoding to TS1/4 on input line 294.
Package textcomp Info: Setting pzc sub-encoding to TS1/4 on input line 295.
Package textcomp Info: Setting bch sub-encoding to TS1/4 on input line 296.
Package textcomp Info: Setting put sub-encoding to TS1/5 on input line 297.
Package textcomp Info: Setting uag sub-encoding to TS1/5 on input line 298.
Package textcomp Info: Setting ugq sub-encoding to TS1/5 on input line 299.
Package textcomp Info: Setting ul8 sub-encoding to TS1/4 on input line 300.
Package textcomp Info: Setting ul9 sub-encoding to TS1/4 on input line 301.
Package textcomp Info: Setting augie sub-encoding to TS1/5 on input line 302.
Package textcomp Info: Setting dayrom sub-encoding to TS1/3 on input line 303.
Package textcomp Info: Setting dayroms sub-encoding to TS1/3 on input line 304.

Package textcomp Info: Setting pxr sub-encoding to TS1/0 on input line 305.
Package textcomp Info: Setting pxss sub-encoding to TS1/0 on input line 306.
Package textcomp Info: Setting pxtt sub-encoding to TS1/0 on input line 307.
Package textcomp Info: Setting txr sub-encoding to TS1/0 on input line 308.
Package textcomp Info: Setting txss sub-encoding to TS1/0 on input line 309.
Package textcomp Info: Setting txtt sub-encoding to TS1/0 on input line 310.
Package textcomp Info: Setting lmr sub-encoding to TS1/0 on input line 311.
Package textcomp Info: Setting lmdh sub-encoding to TS1/0 on input line 312.
Package textcomp Info: Setting lmss sub-encoding to TS1/0 on input line 313.
Package textcomp Info: Setting lmssq sub-encoding to TS1/0 on input line 314.
Package textcomp Info: Setting lmvtt sub-encoding to TS1/0 on input line 315.
Package textcomp Info: Setting qhv sub-encoding to TS1/0 on input line 316.
Package textcomp Info: Setting qag sub-encoding to TS1/0 on input line 317.
Package textcomp Info: Setting qbk sub-encoding to TS1/0 on input line 318.
Package textcomp Info: Setting qcr sub-encoding to TS1/0 on input line 319.
Package textcomp Info: Setting qcs sub-encoding to TS1/0 on input line 320.
Package textcomp Info: Setting qpl sub-encoding to TS1/0 on input line 321.
Package textcomp Info: Setting qtm sub-encoding to TS1/0 on input line 322.
Package textcomp Info: Setting qzc sub-encoding to TS1/0 on input line 323.
Package textcomp Info: Setting qhvc sub-encoding to TS1/0 on input line 324.
Package textcomp Info: Setting futs sub-encoding to TS1/4 on input line 325.
Package textcomp Info: Setting futx sub-encoding to TS1/4 on input line 326.
Package textcomp Info: Setting futj sub-encoding to TS1/4 on input line 327.
Package textcomp Info: Setting hlh sub-encoding to TS1/3 on input line 328.
Package textcomp Info: Setting hls sub-encoding to TS1/3 on input line 329.
Package textcomp Info: Setting hlst sub-encoding to TS1/3 on input line 330.
Package textcomp Info: Setting hlct sub-encoding to TS1/5 on input line 331.
Package textcomp Info: Setting hlx sub-encoding to TS1/5 on input line 332.
Package textcomp Info: Setting hlce sub-encoding to TS1/5 on input line 333.
Package textcomp Info: Setting hlcn sub-encoding to TS1/5 on input line 334.
Package textcomp Info: Setting hlcw sub-encoding to TS1/5 on input line 335.
Package textcomp Info: Setting hlcf sub-encoding to TS1/5 on input line 336.
Package textcomp Info: Setting pplx sub-encoding to TS1/3 on input line 337.
Package textcomp Info: Setting pplj sub-encoding to TS1/3 on input line 338.
Package textcomp Info: Setting ptmx sub-encoding to TS1/4 on input line 339.
Package textcomp Info: Setting ptmj sub-encoding to TS1/4 on input line 340.
))
Package csquotes Info: Checking for multilingual support...
Package csquotes Info: ... found 'polyglossia' package.


Package csquotes Warning: Using preliminary 'polyglossia' interface.
(csquotes)                Some of the multilingual features may not
(csquotes)                work as expected.

Package csquotes Info: Adjusting default style.
Package csquotes Info: Redefining alias 'default' -> 'english'.
Package biblatex Info: Trying to load language 'english' -> 'english-mfish'...
Package biblatex Info: ... file 'english-mfish.lbx' found.
(/usr/share/texlive/texmf-dist/tex/latex/biblatex-mfish/english-mfish.lbx
File: english-mfish.lbx 2014/04/16 v6.5 APA biblatex localisation
Package biblatex Info: Trying to load language 'american'...
Package biblatex Info: ... file 'american.lbx' found.

(/usr/share/texlive/texmf-dist/tex/latex/biblatex/latex/lbx/american.lbx
File: american.lbx 2013/11/25 v2.8a biblatex localization (PK/JW/AB)
Package biblatex Info: Trying to load language 'english'...
Package biblatex Info: ... file 'english.lbx' found.

(/usr/share/texlive/texmf-dist/tex/latex/biblatex/latex/lbx/english.lbx
File: english.lbx 2013/11/25 v2.8a biblatex localization (PK/JW/AB)
)))
(./steepness_empirical.aux)
\openout1 = `steepness_empirical.aux'.

LaTeX Font Info:    Checking defaults for OML/cmm/m/it on input line 63.
LaTeX Font Info:    ... okay on input line 63.
LaTeX Font Info:    Checking defaults for T1/cmr/m/n on input line 63.
LaTeX Font Info:    ... okay on input line 63.
LaTeX Font Info:    Checking defaults for OT1/cmr/m/n on input line 63.
LaTeX Font Info:    ... okay on input line 63.
LaTeX Font Info:    Checking defaults for OMS/cmsy/m/n on input line 63.
LaTeX Font Info:    ... okay on input line 63.
LaTeX Font Info:    Checking defaults for OMX/cmex/m/n on input line 63.
LaTeX Font Info:    ... okay on input line 63.
LaTeX Font Info:    Checking defaults for U/cmr/m/n on input line 63.
LaTeX Font Info:    ... okay on input line 63.
LaTeX Font Info:    Checking defaults for EU1/lmr/m/n on input line 63.
LaTeX Font Info:    ... okay on input line 63.
LaTeX Font Info:    Checking defaults for T3/cmr/m/n on input line 63.
LaTeX Font Info:    Try loading font information for T3+cmr on input line 63.
 (/usr/share/texmf/tex/latex/tipa/t3cmr.fd
File: t3cmr.fd 2001/12/31 TIPA font definitions
)
LaTeX Font Info:    ... okay on input line 63.
LaTeX Font Info:    Checking defaults for PD1/pdf/m/n on input line 63.
LaTeX Font Info:    ... okay on input line 63.
LaTeX Font Info:    Checking defaults for PU/pdf/m/n on input line 63.
LaTeX Font Info:    ... okay on input line 63.
LaTeX Font Info:    Checking defaults for TS1/cmr/m/n on input line 63.
LaTeX Font Info:    Try loading font information for TS1+cmr on input line 63.

(/usr/share/texlive/texmf-dist/tex/latex/base/ts1cmr.fd
File: ts1cmr.fd 1999/05/25 v2.5h Standard LaTeX font definitions
)
LaTeX Font Info:    ... okay on input line 63.
.................................................
. fontspec info: "setup-math"
. 
. Adjusting the maths setup (use [no-math] to avoid this).
.................................................
\symlegacymaths=\mathgroup4
LaTeX Font Info:    Overwriting symbol font `legacymaths' in version `bold'
(Font)                  OT1/cmr/m/n --> OT1/cmr/bx/n on input line 63.
LaTeX Font Info:    Redeclaring math accent \acute on input line 63.
LaTeX Font Info:    Redeclaring math accent \grave on input line 63.
LaTeX Font Info:    Redeclaring math accent \ddot on input line 63.
LaTeX Font Info:    Redeclaring math accent \tilde on input line 63.
LaTeX Font Info:    Redeclaring math accent \bar on input line 63.
LaTeX Font Info:    Redeclaring math accent \breve on input line 63.
LaTeX Font Info:    Redeclaring math accent \check on input line 63.
LaTeX Font Info:    Redeclaring math accent \hat on input line 63.
LaTeX Font Info:    Redeclaring math accent \dot on input line 63.
LaTeX Font Info:    Redeclaring math accent \mathring on input line 63.
LaTeX Font Info:    Redeclaring math symbol \colon on input line 63.
LaTeX Font Info:    Redeclaring math symbol \Gamma on input line 63.
LaTeX Font Info:    Redeclaring math symbol \Delta on input line 63.
LaTeX Font Info:    Redeclaring math symbol \Theta on input line 63.
LaTeX Font Info:    Redeclaring math symbol \Lambda on input line 63.
LaTeX Font Info:    Redeclaring math symbol \Xi on input line 63.
LaTeX Font Info:    Redeclaring math symbol \Pi on input line 63.
LaTeX Font Info:    Redeclaring math symbol \Sigma on input line 63.
LaTeX Font Info:    Redeclaring math symbol \Upsilon on input line 63.
LaTeX Font Info:    Redeclaring math symbol \Phi on input line 63.
LaTeX Font Info:    Redeclaring math symbol \Psi on input line 63.
LaTeX Font Info:    Redeclaring math symbol \Omega on input line 63.
LaTeX Font Info:    Redeclaring math symbol \mathdollar on input line 63.
LaTeX Font Info:    Redeclaring symbol font `operators' on input line 63.
LaTeX Font Info:    Encoding `OT1' has changed to `EU1' for symbol font
(Font)              `operators' in the math version `normal' on input line 63.
LaTeX Font Info:    Overwriting symbol font `operators' in version `normal'
(Font)                  OT1/cmr/m/n --> EU1/OmnesRegular-Roman(0)/m/n on input 
line 63.
LaTeX Font Info:    Encoding `OT1' has changed to `EU1' for symbol font
(Font)              `operators' in the math version `bold' on input line 63.
LaTeX Font Info:    Overwriting symbol font `operators' in version `bold'
(Font)                  OT1/cmr/bx/n --> EU1/OmnesRegular-Roman(0)/m/n on input
 line 63.
LaTeX Font Info:    Overwriting symbol font `operators' in version `normal'
(Font)                  EU1/OmnesRegular-Roman(0)/m/n --> EU1/OmnesRegular-Roma
n(0)/m/n on input line 63.
LaTeX Font Info:    Overwriting math alphabet `\mathrm' in version `normal'
(Font)                  EU1/OmnesRegular-Roman(0)/m/n --> EU1/OmnesRegular-Roma
n(0)/m/n on input line 63.
LaTeX Font Info:    Overwriting math alphabet `\mathit' in version `normal'
(Font)                  OT1/cmr/m/it --> EU1/OmnesRegular-Roman(0)/m/it on inpu
t line 63.
LaTeX Font Info:    Overwriting math alphabet `\mathbf' in version `normal'
(Font)                  OT1/cmr/bx/n --> EU1/OmnesRegular-Roman(0)/bx/n on inpu
t line 63.
LaTeX Font Info:    Overwriting math alphabet `\mathsf' in version `normal'
(Font)                  OT1/cmss/m/n --> EU1/OmnesRegular-Roman(0)/m/n on input
 line 63.
LaTeX Font Info:    Overwriting math alphabet `\mathtt' in version `normal'
(Font)                  OT1/cmtt/m/n --> EU1/OmnesRegular-Roman(0)/m/n on input
 line 63.
LaTeX Font Info:    Overwriting symbol font `operators' in version `bold'
(Font)                  EU1/OmnesRegular-Roman(0)/m/n --> EU1/OmnesRegular-Roma
n(0)/bx/n on input line 63.
LaTeX Font Info:    Overwriting math alphabet `\mathrm' in version `bold'
(Font)                  EU1/OmnesRegular-Roman(0)/m/n --> EU1/OmnesRegular-Roma
n(0)/bx/n on input line 63.
LaTeX Font Info:    Overwriting math alphabet `\mathit' in version `bold'
(Font)                  OT1/cmr/bx/it --> EU1/OmnesRegular-Roman(0)/bx/it on in
put line 63.
LaTeX Font Info:    Overwriting math alphabet `\mathsf' in version `bold'
(Font)                  OT1/cmss/bx/n --> EU1/OmnesRegular-Roman(0)/bx/n on inp
ut line 63.
LaTeX Font Info:    Overwriting math alphabet `\mathtt' in version `bold'
(Font)                  OT1/cmtt/m/n --> EU1/OmnesRegular-Roman(0)/bx/n on inpu
t line 63.

ABD: EveryShipout initializing macros
\AtBeginShipoutBox=\box41
Package hyperref Info: Link coloring ON on input line 63.

(/usr/share/texlive/texmf-dist/tex/latex/hyperref/nameref.sty
Package: nameref 2010/04/30 v2.40 Cross-referencing by name of section

(/usr/share/texlive/texmf-dist/tex/generic/oberdiek/gettitlestring.sty
Package: gettitlestring 2010/12/03 v1.4 Cleanup title references (HO)
)
\c@section@level=\count410
)
LaTeX Info: Redefining \ref on input line 63.
LaTeX Info: Redefining \pageref on input line 63.
LaTeX Info: Redefining \nameref on input line 63.

(./steepness_empirical.out) (./steepness_empirical.out)
\@outlinefile=\write4
\openout4 = `steepness_empirical.out'.


*geometry* driver: auto-detecting
*geometry* detected driver: xetex
*geometry* verbose mode - [ preamble ] result:
* driver: xetex
* paper: <default>
* layout: <same size as paper>
* layoutoffset:(h,v)=(0.0pt,0.0pt)
* modes: 
* h-part:(L,W,R)=(147.95433pt, 364.19528pt, 85.35826pt)
* v-part:(T,H,B)=(85.35826pt, 645.87756pt, 113.81102pt)
* \paperwidth=597.50787pt
* \paperheight=845.04684pt
* \textwidth=364.19528pt
* \textheight=645.87756pt
* \oddsidemargin=75.68434pt
* \evensidemargin=75.68434pt
* \topmargin=-23.91173pt
* \headheight=12.0pt
* \headsep=25.0pt
* \topskip=11.0pt
* \footskip=30.0pt
* \marginparwidth=50.0pt
* \marginparsep=10.0pt
* \columnsep=10.0pt
* \skip\footins=10.0pt plus 4.0pt minus 2.0pt
* \hoffset=0.0pt
* \voffset=0.0pt
* \mag=1000
* \@twocolumnfalse
* \@twosidefalse
* \@mparswitchfalse
* \@reversemarginfalse
* (1in=72.27pt=25.4mm, 1cm=28.453pt)

Package polyglossia Info: Option: english variant=newzealand.
Package biblatex Info: XeTeX detected.
(biblatex)             Assuming input encoding 'utf8'.
Package biblatex Info: Automatic encoding selection.
(biblatex)             Assuming data encoding 'utf8'.
\openout3 = `steepness_empirical.bcf'.

Package biblatex Info: Trying to load bibliographic data...
Package biblatex Info: ... file 'steepness_empirical.bbl' found.
(./steepness_empirical.bbl)
Package biblatex Info: Reference section=0 on input line 63.
Package biblatex Info: Reference segment=0 on input line 63.
Package caption Info: Begin \AtBeginDocument code.
Package caption Info: End \AtBeginDocument code.
Package lastpage Info: Please have a look at the pageslts package at
(lastpage)             http://www.ctan.org/tex-archive/ 
(lastpage)             macros/latex/contrib/pageslts/ 
(lastpage)             or
(lastpage)             http://www.ctan.org/tex-archive/ 
(lastpage)             install/macros/latex/contrib/pageslts.tds.zip
(lastpage)             ! on input line 63.
\tempfile=\write5
\openout5 = `steepness_empirical-self.bib'.


(/usr/share/texlive/texmf-dist/tex/generic/oberdiek/se-ascii-print.def
File: se-ascii-print.def 2011/12/02 v1.10 stringenc: Printable ASCII characters

)
*geometry* verbose mode - [ newgeometry ] result:
* driver: xetex
* paper: <default>
* layout: <same size as paper>
* layoutoffset:(h,v)=(0.0pt,0.0pt)
* modes: 
* h-part:(L,W,R)=(85.35826pt, 426.79135pt, 85.35826pt)
* v-part:(T,H,B)=(384.1122pt, 369.88583pt, 91.04881pt)
* \paperwidth=597.50787pt
* \paperheight=845.04684pt
* \textwidth=426.79135pt
* \textheight=369.88583pt
* \oddsidemargin=13.08827pt
* \evensidemargin=13.08827pt
* \topmargin=274.84221pt
* \headheight=12.0pt
* \headsep=25.0pt
* \topskip=11.0pt
* \footskip=30.0pt
* \marginparwidth=50.0pt
* \marginparsep=10.0pt
* \columnsep=10.0pt
* \skip\footins=10.0pt plus 4.0pt minus 2.0pt
* \hoffset=0.0pt
* \voffset=0.0pt
* \mag=1000
* \@twocolumnfalse
* \@twosidefalse
* \@mparswitchfalse
* \@reversemarginfalse
* (1in=72.27pt=25.4mm, 1cm=28.453pt)

File: /dragonfly/latex/graphics/pattern.eps Graphic file (type eps)

</dragonfly/latex/graphics/pattern.eps>
LaTeX Font Info:    Calculating math sizes for size <7.5> on input line 64.


LaTeX Font Warning: Font shape `OML/cmm/m/it' in size <7.5> not available
(Font)              size <7> substituted on input line 64.


LaTeX Font Warning: Font shape `OML/cmm/m/it' in size <3.75> not available
(Font)              size <5> substituted on input line 64.


LaTeX Font Warning: Font shape `OMS/cmsy/m/n' in size <7.5> not available
(Font)              size <7> substituted on input line 64.


LaTeX Font Warning: Font shape `OMS/cmsy/m/n' in size <3.75> not available
(Font)              size <5> substituted on input line 64.

LaTeX Font Info:    External font `cmex10' loaded for size
(Font)              <7.5> on input line 64.
LaTeX Font Info:    External font `cmex10' loaded for size
(Font)              <5.24997> on input line 64.
LaTeX Font Info:    External font `cmex10' loaded for size
(Font)              <3.75> on input line 64.

LaTeX Font Warning: Font shape `OT1/cmr/m/n' in size <7.5> not available
(Font)              size <7> substituted on input line 64.


LaTeX Font Warning: Font shape `OT1/cmr/m/n' in size <3.75> not available
(Font)              size <5> substituted on input line 64.

LaTeX Font Info:    Calculating math sizes for size <11> on input line 64.

LaTeX Font Warning: Font shape `OML/cmm/m/it' in size <5.5> not available
(Font)              size <5> substituted on input line 64.


LaTeX Font Warning: Font shape `OMS/cmsy/m/n' in size <5.5> not available
(Font)              size <5> substituted on input line 64.

LaTeX Font Info:    External font `cmex10' loaded for size
(Font)              <11> on input line 64.
LaTeX Font Info:    External font `cmex10' loaded for size
(Font)              <7.69997> on input line 64.
LaTeX Font Info:    External font `cmex10' loaded for size
(Font)              <5.5> on input line 64.

LaTeX Font Warning: Font shape `OT1/cmr/m/n' in size <5.5> not available
(Font)              size <5> substituted on input line 64.


Package textpos Warning: environment textblock* not in vertical mode. 
(textpos)                Environment textblock* should not have any text
(textpos)                or printable material appearing before it.
(textpos)                Alignment may work out wrongly. on input line 64.


Overfull \hbox (14.22635pt too wide) in paragraph at lines 64--64
[]| $[]$
 []


Underfull \hbox (badness 10000) in paragraph at lines 64--64

 []

File: /dragonfly/latex/graphics/logo.eps Graphic file (type eps)
</dragonfly/latex/graphics/logo.eps> [1



]
Underfull \hbox (badness 1454) in paragraph at lines 64--64
[][]\EU1/PalatinoLinotype(0)/m/n/11 Neubauer, P. ([]2014). []Improving priors f
or the steepness of the stock-
 []

File: /dragonfly/latex/graphics/wallpaper.png Graphic file (type QTm)
<use  "/dragonfly/latex/graphics/wallpaper.png" > [2


]
Underfull \hbox (badness 1418) in paragraph at lines 68--69
[]\EU1/PalatinoLinotype(0)/m/n/11 Steepness is generally defined as the fractio
n of recruitment from an
 []


Underfull \hbox (badness 3657) in paragraph at lines 70--71
\EU1/PalatinoLinotype(0)/m/n/11 applicable to the other, which posed a non-triv
ial problem for the
 []


Underfull \hbox (badness 1297) in paragraph at lines 70--71
\EU1/PalatinoLinotype(0)/m/n/11 have generally focused on either one S-R model,
 with [][]Michielsens &
 []


Underfull \hbox (badness 1454) in paragraph at lines 74--75
\EU1/PalatinoLinotype(0)/m/n/11 variability and M, there is little information 
about steepness in these
 []


Underfull \hbox (badness 1533) in paragraph at lines 74--75
\EU1/PalatinoLinotype(0)/m/n/11 variability and natural mortality in the develo
pment of the empirical
 []

[3

]
Underfull \hbox (badness 1102) in paragraph at lines 76--77
\EU1/PalatinoLinotype(0)/m/n/11 relationships with life-history parameters. How
ever, the fundamental
 []


Underfull \hbox (badness 1648) in paragraph at lines 82--83
\EU1/PalatinoLinotype(0)/m/n/11 were recorded (the latter calculated using form
ulae in [][]Michielsens &
 []


Underfull \hbox (badness 2401) in paragraph at lines 82--83
\EU1/PalatinoLinotype(0)/m/n/11 directory as Myers_-et_-al_-steepness_-extended
.csv. Data at the family
 []

LaTeX Font Info:    Try loading font information for EU1+lmtt on input line 90.

(/usr/share/texlive/texmf-dist/tex/latex/euenc/eu1lmtt.fd
File: eu1lmtt.fd 2009/10/30 v1.6 Font defs for Latin Modern
)
LaTeX Font Info:    Font shape `EU1/lmtt/bx/n' in size <11> not available
(Font)              Font shape `EU1/lmtt/b/n' tried instead on input line 93.

Overfull \hbox (7.80652pt too wide) in paragraph at lines 113--113
[]\EU1/lmtt/m/n/11 ##                species populations log_alpha_tilde SE_log
_alpha_tilde[] 
 []


Overfull \hbox (26.6898pt too wide) in paragraph at lines 113--113
[]\EU1/lmtt/m/n/11 ##   var_log_alpha_tilde exp_alpha_hat z_20 z_50 z_80 mean_R
_z mean_BH_z[] 
 []

[4]
Overfull \hbox (4.02985pt too wide) in paragraph at lines 187--187
[]\EU1/lmtt/m/n/11 ##               species populations log_alpha_tilde SE_log_
alpha_tilde[] 
 []


Overfull \hbox (26.6898pt too wide) in paragraph at lines 187--187
[]\EU1/lmtt/m/n/11 ##   var_log_alpha_tilde exp_alpha_hat z_20 z_50 z_80 mean_R
_z mean_BH_z[] 
 []


Overfull \hbox (0.25325pt too wide) in paragraph at lines 187--187
[]\EU1/lmtt/m/n/11 ##           order     country sex     genus     family     
  swimmode ltype[] 
 []


Overfull \hbox (17.2482pt too wide) in paragraph at lines 187--187
[]\EU1/lmtt/m/n/11 ## 1 Cypriniformes Russian Fed   U Abbottina Cyprinidae     
        na    NG[] 
 []


Overfull \hbox (2.14159pt too wide) in paragraph at lines 187--187
[]\EU1/lmtt/m/n/11 ## 2  Beloniformes       India   U  Ablennes  Belonidae     
        na    FL[] 
 []


Overfull \hbox (28.57819pt too wide) in paragraph at lines 187--187
[]\EU1/lmtt/m/n/11 ## 3 Cypriniformes      Poland   U   Abramis Cyprinidae subc
arangiform    TL[] 
 []


Overfull \hbox (36.1315pt too wide) in paragraph at lines 187--187
[]\EU1/lmtt/m/n/11 ## 4 Cypriniformes Former USSR   U   Abramis Cyprinidae subc
arangiform    TL[] 
 []


Overfull \hbox (36.13148pt too wide) in paragraph at lines 187--187
[]\EU1/lmtt/m/n/11 ## 5 Cypriniformes Russian Fed   U   Abramis Cyprinidae subc
arangiform    TL[] 
 []


Overfull \hbox (30.45552pt too wide) in paragraph at lines 187--187
[]\EU1/lmtt/m/n/11 ## 6 Cypriniformes     Germany   U   Abramis Cyprinidae subc
arangiform    TL[] 
 []


Overfull \hbox (2.14153pt too wide) in paragraph at lines 187--187
[]\EU1/lmtt/m/n/11 ##             habit     migration depthmin depthmax fecundm
in fecundmax[] 
 []

[5]
Underfull \hbox (badness 1540) in paragraph at lines 191--192
[]\EU1/PalatinoLinotype(0)/m/n/11 In order to set up a fishnet that that extrac
ts empirical relationships
 []


Underfull \hbox (badness 1383) in paragraph at lines 191--192
\EU1/PalatinoLinotype(0)/m/n/11 life-history parameters, under thew assumption 
that most follow log-
 []


Overfull \hbox (380.46806pt too wide) in paragraph at lines 203--203
[]  []\EU1/lmtt/b/n/11 select[][]\EU1/lmtt/m/n/11 (species, genus, family, clas
s, order, mean_BH_z, linf, m, fecundity, trophic, lmat, lmax , k, amax, habit, 
trophic, depthmax)[] []%>%[][] 
 []


Overfull \vbox (1.20518pt too high) detected at line 221
 []

[6]
Overfull \hbox (133.97632pt too wide) in paragraph at lines 231--231
[][]\EU1/lmtt/m/n/11 linf[] []=[] []\EU1/lmtt/b/n/11 Bayser[][]\EU1/lmtt/m/n/11
 ([][]\EU1/lmtt/b/n/11 log[][]\EU1/lmtt/m/n/11 (linf)[] []~[] []\EU1/lmtt/b/n/1
1 f[][]\EU1/lmtt/m/n/11 (family,[][]model[][]=[][]"iid"[][])[][]+[][]\EU1/lmtt/
b/n/11 f[][]\EU1/lmtt/m/n/11 (order,[][]model[][]=[][]"iid"[][])[][]+[][]\EU1/l
mtt/b/n/11 log[][]\EU1/lmtt/m/n/11 (lmax)[][]+[][]habit,exp)[][] 
 []


Overfull \hbox (69.44307pt too wide) in paragraph at lines 236--236
[][]\EU1/lmtt/m/n/11 example_predictions[] []<-[] []linf[][]$[][]\EU1/lmtt/b/n/
11 predict[][]\EU1/lmtt/m/n/11 (steep_reduced[[][]1501[][]:[][]\EU1/lmtt/b/n/11
 nrow[][]\EU1/lmtt/m/n/11 (steep_reduced),])[][] 
 []


Overfull \hbox (878.07149pt too wide) in paragraph at lines 238--238
[][]\EU1/lmtt/m/n/11 predict_df[] []<-[] []\EU1/lmtt/b/n/11 data.frame[][]\EU1/
lmtt/m/n/11 ([][]bayser[] []= example_predictions[[][]![][]\EU1/lmtt/b/n/11 is.
na[][]\EU1/lmtt/m/n/11 (steep_reduced[][]$[][]lmax[[][]1501[][]:[][]\EU1/lmtt/b
/n/11 nrow[][]\EU1/lmtt/m/n/11 (steep_reduced)])],[] []observed[] []= steep_red
uced[[][]1501[][]:[][]\EU1/lmtt/b/n/11 nrow[][]\EU1/lmtt/m/n/11 (steep_reduced)
,[][]'linf'[][]][[][]![][]\EU1/lmtt/b/n/11 is.na[][]\EU1/lmtt/m/n/11 (steep_red
uced[][]$[][]lmax[[][]1501[][]:[][]\EU1/lmtt/b/n/11 nrow[][]\EU1/lmtt/m/n/11 (s
teep_reduced)])])[][] 
 []


Overfull \hbox (3.3514pt too wide) in paragraph at lines 240--240
[][]\EU1/lmtt/m/n/11 linf_brter[] []=[] []\EU1/lmtt/b/n/11 Brter[][]\EU1/lmtt/m
/n/11 ([][]\EU1/lmtt/b/n/11 log[][]\EU1/lmtt/m/n/11 (linf)[] []~[] []family[] [
]+[] []order[][]+[] []\EU1/lmtt/b/n/11 log[][]\EU1/lmtt/m/n/11 (lmax)[][]+[][]h
abit,exp)[][] 
 []


Overfull \hbox (19.13644pt too wide) in paragraph at lines 249--249
[]\EU1/lmtt/m/n/11 ## [1] fitting gbm model with a fixed number of 2000 trees f
or log(linf)[] 
 []


Overfull \hbox (137.42307pt too wide) in paragraph at lines 252--252
[][]\EU1/lmtt/m/n/11 example_predictions_brter[] []<-[] []linf_brter[][]$[][]\E
U1/lmtt/b/n/11 predict[][]\EU1/lmtt/m/n/11 (steep_reduced[[][]1501[][]:[][]\EU1
/lmtt/b/n/11 nrow[][]\EU1/lmtt/m/n/11 (steep_reduced),])[][] 
 []


Overfull \hbox (556.17476pt too wide) in paragraph at lines 254--254
[][]\EU1/lmtt/m/n/11 predict_df[] []<-[] []reshape2::[][]\EU1/lmtt/b/n/11 melt[
][]\EU1/lmtt/m/n/11 ([][]\EU1/lmtt/b/n/11 data.frame[][]\EU1/lmtt/m/n/11 ([][]b
rter[] []= example_predictions_brter[[][]![][]\EU1/lmtt/b/n/11 is.na[][]\EU1/lm
tt/m/n/11 (steep_reduced[][]$[][]lmax[[][]1501[][]:[][]\EU1/lmtt/b/n/11 nrow[][
]\EU1/lmtt/m/n/11 (steep_reduced)])],predict_df),[][]id.vars[] []=[] []\EU1/lmt
t/b/n/11 c[][]\EU1/lmtt/m/n/11 ([][]'observed'[][]))[][] 
 []

[7]

LaTeX Warning: No positions in optional float specifier.
               Default added (so using `tbp') on input line 272.

File: figure/unnamed-chunk-2-1.pdf Graphic file (type QTm)
<use  "figure/unnamed-chunk-2-1.pdf" >
Overfull \hbox (3.66669pt too wide) in paragraph at lines 272--280
[]   [] 
 []

[8]

LaTeX Warning: Command \nobreakspace invalid in math mode on input line 294.


LaTeX Warning: Command \nobreakspace invalid in math mode on input line 294.


Overfull \hbox (255.65488pt too wide) in paragraph at lines 299--299
[][]\EU1/lmtt/m/it/11 # build a net for steepnes. Use Bayesian nodes in an atte
mpt to not overfit (i.e., to get better predictive power)[][] 
 []


Overfull \hbox (228.70486pt too wide) in paragraph at lines 300--300
[][]\EU1/lmtt/m/it/11 # transformations are defined for Beverton-Holt S-R param
eters to map steepness onto the real line and back.[][] 
 []


Overfull \hbox (132.08803pt too wide) in paragraph at lines 322--322
[]  []\EU1/lmtt/m/n/11 linf[]      []=[] []\EU1/lmtt/b/n/11 Bayser[][]\EU1/lmtt
/m/n/11 ([][]\EU1/lmtt/b/n/11 log[][]\EU1/lmtt/m/n/11 (linf)[] []~[] []\EU1/lmt
t/b/n/11 f[][]\EU1/lmtt/m/n/11 (family,[][]model[][]=[][]"iid"[][])[][]+[][]\EU
1/lmtt/b/n/11 f[][]\EU1/lmtt/m/n/11 (class,[][]model[][]=[][]"iid"[][])[][]+[][
]\EU1/lmtt/b/n/11 log[][]\EU1/lmtt/m/n/11 (lmax),exp),[][] 
 []


Overfull \hbox (264.60135pt too wide) in paragraph at lines 323--323
[]  []\EU1/lmtt/m/n/11 fecundity[] []=[] []\EU1/lmtt/b/n/11 Bayser[][]\EU1/lmtt
/m/n/11 ([][]\EU1/lmtt/b/n/11 log[][]\EU1/lmtt/m/n/11 (fecundity)[] []~[] []\EU
1/lmtt/b/n/11 f[][]\EU1/lmtt/m/n/11 (family,[][]model[][]=[][]"iid"[][])[][]+[]
[]\EU1/lmtt/b/n/11 f[][]\EU1/lmtt/m/n/11 (class,[][]model[][]=[][]"iid"[][])[] 
[]+[] []\EU1/lmtt/b/n/11 log[][]\EU1/lmtt/m/n/11 (linf)[] []+[] []\EU1/lmtt/b/n
/11 log[][]\EU1/lmtt/m/n/11 (depthmax),exp),[][] 
 []


Overfull \hbox (211.72806pt too wide) in paragraph at lines 324--324
[]  []\EU1/lmtt/m/n/11 k[]         []=[] []\EU1/lmtt/b/n/11 Bayser[][]\EU1/lmtt
/m/n/11 ([][]\EU1/lmtt/b/n/11 log[][]\EU1/lmtt/m/n/11 (k)[] []~[] []\EU1/lmtt/b
/n/11 f[][]\EU1/lmtt/m/n/11 (family,[][]model[][]=[][]"iid"[][])[] []+[] []\EU1
/lmtt/b/n/11 log[][]\EU1/lmtt/m/n/11 (linf)[] []+[] []\EU1/lmtt/b/n/11 f[][]\EU
1/lmtt/m/n/11 (habit,[][]model[][]=[][]"iid"[][])[] []+[] []\EU1/lmtt/b/n/11 lo
g[][]\EU1/lmtt/m/n/11 (depthmax),exp),[][] 
 []


Overfull \hbox (393.44797pt too wide) in paragraph at lines 325--325
[]  []\EU1/lmtt/m/n/11 m[]         []=[] []\EU1/lmtt/b/n/11 Bayser[][]\EU1/lmtt
/m/n/11 ([][]\EU1/lmtt/b/n/11 log[][]\EU1/lmtt/m/n/11 (m)[] []~[] []\EU1/lmtt/b
/n/11 f[][]\EU1/lmtt/m/n/11 (family,[][]model[][]=[][]"iid"[][])[][]+[][]\EU1/l
mtt/b/n/11 f[][]\EU1/lmtt/m/n/11 (class,[][]model[][]=[][]"iid"[][])[][]+[][]\E
U1/lmtt/b/n/11 log[][]\EU1/lmtt/m/n/11 (k)[][]+[][]\EU1/lmtt/b/n/11 log[][]\EU1
/lmtt/m/n/11 (linf)[][]+[][]\EU1/lmtt/b/n/11 f[][]\EU1/lmtt/m/n/11 (habit,[][]m
odel[][]=[][]"iid"[][])[][]+[][]\EU1/lmtt/b/n/11 log[][]\EU1/lmtt/m/n/11 (depth
max)[][]+[][]trophic,exp),[][] 
 []


Overfull \hbox (251.71301pt too wide) in paragraph at lines 326--326
[]  []\EU1/lmtt/m/n/11 lmat[]      []=[] []\EU1/lmtt/b/n/11 Bayser[][]\EU1/lmtt
/m/n/11 ([][]\EU1/lmtt/b/n/11 log[][]\EU1/lmtt/m/n/11 (lmat)[] []~[] []\EU1/lmt
t/b/n/11 f[][]\EU1/lmtt/m/n/11 (family,[][]model[][]=[][]"iid"[][])[][]+[][]\EU
1/lmtt/b/n/11 log[][]\EU1/lmtt/m/n/11 (k)[][]+[][]\EU1/lmtt/b/n/11 log[][]\EU1/
lmtt/m/n/11 (linf)[][]+[][]\EU1/lmtt/b/n/11 f[][]\EU1/lmtt/m/n/11 (habit,[][]mo
del[][]=[][]"iid"[][])[][]+[][]\EU1/lmtt/b/n/11 log[][]\EU1/lmtt/m/n/11 (depthm
ax),exp),[][] 
 []


Overfull \hbox (643.46709pt too wide) in paragraph at lines 328--328
[]  []\EU1/lmtt/m/n/11 mean_BH_z[] []=[] []\EU1/lmtt/b/n/11 Brter[][]\EU1/lmtt/
m/n/11 ([][]\EU1/lmtt/b/n/11 logit_BH[][]\EU1/lmtt/m/n/11 (mean_BH_z)[] []~[]  
[]habit[] []+[] []\EU1/lmtt/b/n/11 log[][]\EU1/lmtt/m/n/11 (linf)[] []+[] []\EU
1/lmtt/b/n/11 log[][]\EU1/lmtt/m/n/11 (k)[] []+[] []\EU1/lmtt/b/n/11 log[][]\EU
1/lmtt/m/n/11 (m)[][]+[] []\EU1/lmtt/b/n/11 log[][]\EU1/lmtt/m/n/11 (fecundity)
[] []+[][]recsigma[] []+[] []trophic[][]+[][]\EU1/lmtt/b/n/11 log[][]\EU1/lmtt/
m/n/11 (depthmax),[][]transform[] []= logit_BH_inv,[][]ntrees[] []=[][]3500[][]
,[][]bag.fraction[][]=[][]0.9[][])[][] 
 []


Overfull \hbox (55.0148pt too wide) in paragraph at lines 344--344
[]\EU1/lmtt/m/n/11 ## NOTE: Imputing data values successively in the order of t
he specified nodes[] 
 []


Overfull \hbox (75.78645pt too wide) in paragraph at lines 344--344
[]\EU1/lmtt/m/n/11 ## [1] fitting gbm model with a fixed number of 3500 trees f
or logit_BH(mean_BH_z)[] 
 []


Overfull \hbox (128.6598pt too wide) in paragraph at lines 344--344
[]\EU1/lmtt/m/n/11 ## predictors: habit log(linf) log(k) log(m) log(fecundity) 
recsigma trophic log(depthmax)[] 
 []


Underfull \vbox (badness 1521) detected at line 345
 []

[9]
Underfull \hbox (badness 1546) in paragraph at lines 359--359
[][]\EU1/PalatinoLinotype(0)/m/n/11 Dorn, M.W. (2002). Advice on west coast roc
kfish harvest rates from
 []


Underfull \hbox (badness 1194) in paragraph at lines 359--359
[][]\EU1/PalatinoLinotype(0)/m/n/11 Forrest, R.E.; McAllister, M.K.; Dorn, M.W.
; Martell, S.J.; Stanley, R.D.
 []


Underfull \hbox (badness 1742) in paragraph at lines 359--359
\EU1/PalatinoLinotype(0)/m/n/11 assumptions about the stockrecruit function.
 \EU1/PalatinoLinotype(0)/m/it/11 Canadian Journal of
 []

[10] 
AED: lastpage setting LastPage
[11]
Package atveryend Info: Empty hook `BeforeClearDocument' on input line 360.
Package atveryend Info: Empty hook `AfterLastShipout' on input line 360.
 (./steepness_empirical.aux)
Package atveryend Info: Empty hook `AtVeryEndDocument' on input line 360.
Package atveryend Info: Empty hook `AtEndAfterFileList' on input line 360.


LaTeX Font Warning: Size substitutions with differences
(Font)              up to 1.25pt have occurred.

Package logreq Info: Writing requests to 'steepness_empirical.run.xml'.
\openout1 = `steepness_empirical.run.xml'.

 ) 
Here is how much of TeX's memory you used:
 28516 strings out of 494011
 539079 string characters out of 3153095
 975892 words of memory out of 3000000
 31394 multiletter control sequences out of 15000+200000
 5788 words of font info for 60 fonts, out of 3000000 for 9000
 1144 hyphenation exceptions out of 8191
 60i,13n,94p,1300b,1217s stack positions out of 5000i,500n,10000p,200000b,50000s

Output written on steepness_empirical.pdf (11 pages).
